<?xml version="1.0" encoding="UTF-8"?>
<TestRun id="24d08ba8-d532-4f7d-b5dc-52c91dc31cb9" name="Human@HUMAN-PC 2012-06-11 18:24:47" runUser="Human-PC\Human" xmlns="http://microsoft.com/schemas/VisualStudio/TeamTest/2010">
  <TestSettings name="本地" id="1b57fa97-6b34-4fe5-9917-aff5d01f5e95">
    <Description>这些设置为本地测试运行的默认测试设置。</Description>
    <Deployment enabled="false" runDeploymentRoot="Human_HUMAN-PC 2012-06-11 18_24_47">
      <DeploymentItem filename="G:\NHibernate-3.1.0\Required_Bins\Iesi.Collections.dll" />
      <DeploymentItem filename="G:\ProjectManagermentSystem\BusinessLogicLib\bin\Debug\BusinessLogicLib.dll" />
      <DeploymentItem filename="G:\ProjectManagermentSystem\DataModels\bin\Debug\DataModels.dll" />
      <DeploymentItem filename="G:\NHibernate-3.1.0\Required_For_LazyLoading\Castle\Castle.Core.dll" />
      <DeploymentItem filename="G:\NHibernate-3.1.0\Required_For_LazyLoading\Castle\NHibernate.ByteCode.Castle.dll" />
      <DeploymentItem filename="G:\NHibernate-3.1.0\Required_For_LazyLoading\LinFu\LinFu.DynamicProxy.dll" />
      <DeploymentItem filename="G:\NHibernate-3.1.0\Tests\log4net.dll" />
      <DeploymentItem filename="G:\NHibernate-3.1.0\Required_Bins\NHibernate.dll" />
      <DeploymentItem filename="G:\NHibernate-3.1.0\Required_For_LazyLoading\LinFu\NHibernate.ByteCode.LinFu.dll" />
    </Deployment>
    <Execution>
      <TestTypeSpecific />
      <AgentRule name="Execution Agents">
      </AgentRule>
    </Execution>
  </TestSettings>
  <Times creation="2012-06-11T18:24:47.1991194+08:00" queuing="2012-06-11T18:24:49.4482481+08:00" start="2012-06-11T18:24:49.6772612+08:00" finish="2012-06-11T18:25:41.1692064+08:00" />
  <ResultSummary outcome="Failed">
    <Counters total="13" executed="13" passed="6" error="0" failed="7" timeout="0" aborted="0" inconclusive="0" passedButRunAborted="0" notRunnable="0" notExecuted="0" disconnected="0" warning="0" completed="0" inProgress="0" pending="0" />
  </ResultSummary>
  <TestDefinitions>
    <UnitTest name="IsProjectSetupByUser" storage="g:\projectmanagermentsystem\projectmanagermentsystemtest\bin\debug\projectmanagermentsystemtest.dll" id="69fa5293-5b96-8d4b-6238-8f599bb5fa30">
      <Execution id="c2b961be-dad5-47c0-9f09-4af46633a5bb" />
      <TestMethod codeBase="G:/ProjectManagermentSystem/ProjectManagermentSystemTest/bin/Debug/ProjectManagermentSystemTest.DLL" adapterTypeName="Microsoft.VisualStudio.TestTools.TestTypes.Unit.UnitTestAdapter, Microsoft.VisualStudio.QualityTools.Tips.UnitTest.Adapter, Version=10.0.0.0, Culture=neutral, PublicKeyToken=b03f5f7f11d50a3a" className="ProjectManagermentSystemTest.ProjectTest, ProjectManagermentSystemTest, Version=1.0.0.0, Culture=neutral, PublicKeyToken=null" name="IsProjectSetupByUser" />
    </UnitTest>
    <UnitTest name="IsUserValidatedTest" storage="g:\projectmanagermentsystem\projectmanagermentsystemtest\bin\debug\projectmanagermentsystemtest.dll" id="84e84e69-cf95-b596-f07a-b4fb77cb5f90">
      <Execution id="ac305b95-726d-4845-9e40-4c8afb554bd6" />
      <TestMethod codeBase="G:/ProjectManagermentSystem/ProjectManagermentSystemTest/bin/Debug/ProjectManagermentSystemTest.DLL" adapterTypeName="Microsoft.VisualStudio.TestTools.TestTypes.Unit.UnitTestAdapter, Microsoft.VisualStudio.QualityTools.Tips.UnitTest.Adapter, Version=10.0.0.0, Culture=neutral, PublicKeyToken=b03f5f7f11d50a3a" className="ProjectManagermentSystemTest.LoginTest, ProjectManagermentSystemTest, Version=1.0.0.0, Culture=neutral, PublicKeyToken=null" name="IsUserValidatedTest" />
    </UnitTest>
    <UnitTest name="IsUserRegisteredTest" storage="g:\projectmanagermentsystem\projectmanagermentsystemtest\bin\debug\projectmanagermentsystemtest.dll" id="1c3a1a72-f5a6-0448-5adb-5a319e4dfb6c">
      <Execution id="20179f1b-9278-4c70-ab83-c24a6543ce3d" />
      <TestMethod codeBase="G:/ProjectManagermentSystem/ProjectManagermentSystemTest/bin/Debug/ProjectManagermentSystemTest.DLL" adapterTypeName="Microsoft.VisualStudio.TestTools.TestTypes.Unit.UnitTestAdapter, Microsoft.VisualStudio.QualityTools.Tips.UnitTest.Adapter, Version=10.0.0.0, Culture=neutral, PublicKeyToken=b03f5f7f11d50a3a" className="ProjectManagermentSystemTest.LoginTest, ProjectManagermentSystemTest, Version=1.0.0.0, Culture=neutral, PublicKeyToken=null" name="IsUserRegisteredTest" />
    </UnitTest>
    <UnitTest name="FindSimilarUsersTest" storage="g:\projectmanagermentsystem\projectmanagermentsystemtest\bin\debug\projectmanagermentsystemtest.dll" id="dfaafef9-90e4-74fb-0cea-96ccbf8e361e">
      <Execution id="d59683bd-5ad6-4789-bd6c-8f764948aff8" />
      <TestMethod codeBase="G:/ProjectManagermentSystem/ProjectManagermentSystemTest/bin/Debug/ProjectManagermentSystemTest.DLL" adapterTypeName="Microsoft.VisualStudio.TestTools.TestTypes.Unit.UnitTestAdapter, Microsoft.VisualStudio.QualityTools.Tips.UnitTest.Adapter, Version=10.0.0.0, Culture=neutral, PublicKeyToken=b03f5f7f11d50a3a" className="ProjectManagermentSystemTest.UserOperationTest, ProjectManagermentSystemTest, Version=1.0.0.0, Culture=neutral, PublicKeyToken=null" name="FindSimilarUsersTest" />
    </UnitTest>
    <UnitTest name="AddNewProjectTest" storage="g:\projectmanagermentsystem\projectmanagermentsystemtest\bin\debug\projectmanagermentsystemtest.dll" id="eaea2ed1-9bcd-b38c-6ff0-c74f3cef5571">
      <Execution id="13672721-c240-4483-ba44-e988db3dea5e" />
      <TestMethod codeBase="G:/ProjectManagermentSystem/ProjectManagermentSystemTest/bin/Debug/ProjectManagermentSystemTest.DLL" adapterTypeName="Microsoft.VisualStudio.TestTools.TestTypes.Unit.UnitTestAdapter, Microsoft.VisualStudio.QualityTools.Tips.UnitTest.Adapter, Version=10.0.0.0, Culture=neutral, PublicKeyToken=b03f5f7f11d50a3a" className="ProjectManagermentSystemTest.ProjectTest, ProjectManagermentSystemTest, Version=1.0.0.0, Culture=neutral, PublicKeyToken=null" name="AddNewProjectTest" />
    </UnitTest>
    <UnitTest name="GetMessageTest" storage="g:\projectmanagermentsystem\projectmanagermentsystemtest\bin\debug\projectmanagermentsystemtest.dll" id="65496a2b-e474-43ce-14eb-95f4ee4bc514">
      <Execution id="3b89409c-b439-4332-a424-04a9e4e09ef2" />
      <TestMethod codeBase="G:/ProjectManagermentSystem/ProjectManagermentSystemTest/bin/Debug/ProjectManagermentSystemTest.DLL" adapterTypeName="Microsoft.VisualStudio.TestTools.TestTypes.Unit.UnitTestAdapter, Microsoft.VisualStudio.QualityTools.Tips.UnitTest.Adapter, Version=10.0.0.0, Culture=neutral, PublicKeyToken=b03f5f7f11d50a3a" className="ProjectManagermentSystemTest.ProjectTest, ProjectManagermentSystemTest, Version=1.0.0.0, Culture=neutral, PublicKeyToken=null" name="GetMessageTest" />
    </UnitTest>
    <UnitTest name="DatabaseConnTest" storage="g:\projectmanagermentsystem\projectmanagermentsystemtest\bin\debug\projectmanagermentsystemtest.dll" id="0544ed8d-33f7-ffba-ffdb-8034923fc999">
      <Execution id="0b8cbc75-f34c-479b-a4f9-c42f9d27501b" />
      <TestMethod codeBase="G:/ProjectManagermentSystem/ProjectManagermentSystemTest/bin/Debug/ProjectManagermentSystemTest.DLL" adapterTypeName="Microsoft.VisualStudio.TestTools.TestTypes.Unit.UnitTestAdapter, Microsoft.VisualStudio.QualityTools.Tips.UnitTest.Adapter, Version=10.0.0.0, Culture=neutral, PublicKeyToken=b03f5f7f11d50a3a" className="ProjectManagermentSystemTest.LoginTest, ProjectManagermentSystemTest, Version=1.0.0.0, Culture=neutral, PublicKeyToken=null" name="DatabaseConnTest" />
    </UnitTest>
    <UnitTest name="UserRegisterTest" storage="g:\projectmanagermentsystem\projectmanagermentsystemtest\bin\debug\projectmanagermentsystemtest.dll" id="c1208b1a-0d55-4a78-3fa0-174c80597241">
      <Execution id="b9f3a9a8-1805-476d-9c17-7b2b427256fa" />
      <TestMethod codeBase="G:/ProjectManagermentSystem/ProjectManagermentSystemTest/bin/Debug/ProjectManagermentSystemTest.DLL" adapterTypeName="Microsoft.VisualStudio.TestTools.TestTypes.Unit.UnitTestAdapter, Microsoft.VisualStudio.QualityTools.Tips.UnitTest.Adapter, Version=10.0.0.0, Culture=neutral, PublicKeyToken=b03f5f7f11d50a3a" className="ProjectManagermentSystemTest.LoginTest, ProjectManagermentSystemTest, Version=1.0.0.0, Culture=neutral, PublicKeyToken=null" name="UserRegisterTest" />
    </UnitTest>
    <UnitTest name="DbConnectionTest" storage="g:\projectmanagermentsystem\projectmanagermentsystemtest\bin\debug\projectmanagermentsystemtest.dll" id="6d43179b-27d2-680a-c14c-3160f7ee5b92">
      <Execution id="f4a7eadf-696c-4ac7-a4c4-ce7c839f6517" />
      <TestMethod codeBase="G:/ProjectManagermentSystem/ProjectManagermentSystemTest/bin/Debug/ProjectManagermentSystemTest.DLL" adapterTypeName="Microsoft.VisualStudio.TestTools.TestTypes.Unit.UnitTestAdapter, Microsoft.VisualStudio.QualityTools.Tips.UnitTest.Adapter, Version=10.0.0.0, Culture=neutral, PublicKeyToken=b03f5f7f11d50a3a" className="ProjectManagermentSystemTest.ProjectTest, ProjectManagermentSystemTest, Version=1.0.0.0, Culture=neutral, PublicKeyToken=null" name="DbConnectionTest" />
    </UnitTest>
    <UnitTest name="DbConnectionTest1" storage="g:\projectmanagermentsystem\projectmanagermentsystemtest\bin\debug\projectmanagermentsystemtest.dll" id="c449792e-1815-3c4b-0609-8969c7985188">
      <Execution id="bdaf8423-bbab-4656-a142-33fcecc43873" />
      <TestMethod codeBase="G:/ProjectManagermentSystem/ProjectManagermentSystemTest/bin/Debug/ProjectManagermentSystemTest.DLL" adapterTypeName="Microsoft.VisualStudio.TestTools.TestTypes.Unit.UnitTestAdapter, Microsoft.VisualStudio.QualityTools.Tips.UnitTest.Adapter, Version=10.0.0.0, Culture=neutral, PublicKeyToken=b03f5f7f11d50a3a" className="ProjectManagermentSystemTest.ProjectTest, ProjectManagermentSystemTest, Version=1.0.0.0, Culture=neutral, PublicKeyToken=null" name="DbConnectionTest1" />
    </UnitTest>
    <UnitTest name="FindExactUserTest" storage="g:\projectmanagermentsystem\projectmanagermentsystemtest\bin\debug\projectmanagermentsystemtest.dll" id="28c87d5d-f290-c4ca-b025-e1d00b57b080">
      <Execution id="34e548e1-db48-495e-b03c-d04a5bf39d6f" />
      <TestMethod codeBase="G:/ProjectManagermentSystem/ProjectManagermentSystemTest/bin/Debug/ProjectManagermentSystemTest.DLL" adapterTypeName="Microsoft.VisualStudio.TestTools.TestTypes.Unit.UnitTestAdapter, Microsoft.VisualStudio.QualityTools.Tips.UnitTest.Adapter, Version=10.0.0.0, Culture=neutral, PublicKeyToken=b03f5f7f11d50a3a" className="ProjectManagermentSystemTest.UserOperationTest, ProjectManagermentSystemTest, Version=1.0.0.0, Culture=neutral, PublicKeyToken=null" name="FindExactUserTest" />
    </UnitTest>
    <UnitTest name="MySetupProjectTest" storage="g:\projectmanagermentsystem\projectmanagermentsystemtest\bin\debug\projectmanagermentsystemtest.dll" id="ea350b06-1035-dbf5-0eee-cd514d5249f0">
      <Execution id="e54b66c6-f1c7-41a4-aa7c-339a5fce0ace" />
      <TestMethod codeBase="G:/ProjectManagermentSystem/ProjectManagermentSystemTest/bin/Debug/ProjectManagermentSystemTest.DLL" adapterTypeName="Microsoft.VisualStudio.TestTools.TestTypes.Unit.UnitTestAdapter, Microsoft.VisualStudio.QualityTools.Tips.UnitTest.Adapter, Version=10.0.0.0, Culture=neutral, PublicKeyToken=b03f5f7f11d50a3a" className="ProjectManagermentSystemTest.ProjectTest, ProjectManagermentSystemTest, Version=1.0.0.0, Culture=neutral, PublicKeyToken=null" name="MySetupProjectTest" />
    </UnitTest>
    <UnitTest name="AddUserTest" storage="g:\projectmanagermentsystem\projectmanagermentsystemtest\bin\debug\projectmanagermentsystemtest.dll" id="ee3564a8-bedf-fee3-5c4c-07f2a336b2d3">
      <Execution id="e83ff469-35ee-4041-9f22-8f4cf79754a4" />
      <TestMethod codeBase="G:/ProjectManagermentSystem/ProjectManagermentSystemTest/bin/Debug/ProjectManagermentSystemTest.DLL" adapterTypeName="Microsoft.VisualStudio.TestTools.TestTypes.Unit.UnitTestAdapter, Microsoft.VisualStudio.QualityTools.Tips.UnitTest.Adapter, Version=10.0.0.0, Culture=neutral, PublicKeyToken=b03f5f7f11d50a3a" className="ProjectManagermentSystemTest.LoginTest, ProjectManagermentSystemTest, Version=1.0.0.0, Culture=neutral, PublicKeyToken=null" name="AddUserTest" />
    </UnitTest>
  </TestDefinitions>
  <TestLists>
    <TestList name="列表中未列出的结果" id="8c84fa94-04c1-424b-9868-57a2d4851a1d" />
    <TestList name="所有已加载的结果" id="19431567-8539-422a-85d7-44ee4e166bda" />
  </TestLists>
  <TestEntries>
    <TestEntry testId="0544ed8d-33f7-ffba-ffdb-8034923fc999" executionId="0b8cbc75-f34c-479b-a4f9-c42f9d27501b" testListId="8c84fa94-04c1-424b-9868-57a2d4851a1d" />
    <TestEntry testId="1c3a1a72-f5a6-0448-5adb-5a319e4dfb6c" executionId="20179f1b-9278-4c70-ab83-c24a6543ce3d" testListId="8c84fa94-04c1-424b-9868-57a2d4851a1d" />
    <TestEntry testId="28c87d5d-f290-c4ca-b025-e1d00b57b080" executionId="34e548e1-db48-495e-b03c-d04a5bf39d6f" testListId="8c84fa94-04c1-424b-9868-57a2d4851a1d" />
    <TestEntry testId="65496a2b-e474-43ce-14eb-95f4ee4bc514" executionId="3b89409c-b439-4332-a424-04a9e4e09ef2" testListId="8c84fa94-04c1-424b-9868-57a2d4851a1d" />
    <TestEntry testId="69fa5293-5b96-8d4b-6238-8f599bb5fa30" executionId="c2b961be-dad5-47c0-9f09-4af46633a5bb" testListId="8c84fa94-04c1-424b-9868-57a2d4851a1d" />
    <TestEntry testId="6d43179b-27d2-680a-c14c-3160f7ee5b92" executionId="f4a7eadf-696c-4ac7-a4c4-ce7c839f6517" testListId="8c84fa94-04c1-424b-9868-57a2d4851a1d" />
    <TestEntry testId="84e84e69-cf95-b596-f07a-b4fb77cb5f90" executionId="ac305b95-726d-4845-9e40-4c8afb554bd6" testListId="8c84fa94-04c1-424b-9868-57a2d4851a1d" />
    <TestEntry testId="c1208b1a-0d55-4a78-3fa0-174c80597241" executionId="b9f3a9a8-1805-476d-9c17-7b2b427256fa" testListId="8c84fa94-04c1-424b-9868-57a2d4851a1d" />
    <TestEntry testId="c449792e-1815-3c4b-0609-8969c7985188" executionId="bdaf8423-bbab-4656-a142-33fcecc43873" testListId="8c84fa94-04c1-424b-9868-57a2d4851a1d" />
    <TestEntry testId="dfaafef9-90e4-74fb-0cea-96ccbf8e361e" executionId="d59683bd-5ad6-4789-bd6c-8f764948aff8" testListId="8c84fa94-04c1-424b-9868-57a2d4851a1d" />
    <TestEntry testId="ea350b06-1035-dbf5-0eee-cd514d5249f0" executionId="e54b66c6-f1c7-41a4-aa7c-339a5fce0ace" testListId="8c84fa94-04c1-424b-9868-57a2d4851a1d" />
    <TestEntry testId="eaea2ed1-9bcd-b38c-6ff0-c74f3cef5571" executionId="13672721-c240-4483-ba44-e988db3dea5e" testListId="8c84fa94-04c1-424b-9868-57a2d4851a1d" />
    <TestEntry testId="ee3564a8-bedf-fee3-5c4c-07f2a336b2d3" executionId="e83ff469-35ee-4041-9f22-8f4cf79754a4" testListId="8c84fa94-04c1-424b-9868-57a2d4851a1d" />
  </TestEntries>
  <Results>
    <UnitTestResult executionId="0b8cbc75-f34c-479b-a4f9-c42f9d27501b" testId="0544ed8d-33f7-ffba-ffdb-8034923fc999" testName="DatabaseConnTest" computerName="HUMAN-PC" duration="00:00:02.6871503" startTime="2012-06-11T18:24:49.8312700+08:00" endTime="2012-06-11T18:24:53.9915080+08:00" testType="13cdc9d9-ddb5-4fa4-a97d-d965ccfc6d4b" outcome="Passed" testListId="8c84fa94-04c1-424b-9868-57a2d4851a1d" relativeResultsDirectory="0b8cbc75-f34c-479b-a4f9-c42f9d27501b">
    </UnitTestResult>
    <UnitTestResult executionId="20179f1b-9278-4c70-ab83-c24a6543ce3d" testId="1c3a1a72-f5a6-0448-5adb-5a319e4dfb6c" testName="IsUserRegisteredTest" computerName="HUMAN-PC" duration="00:00:01.1130715" startTime="2012-06-11T18:24:54.0075089+08:00" endTime="2012-06-11T18:24:55.1465740+08:00" testType="13cdc9d9-ddb5-4fa4-a97d-d965ccfc6d4b" outcome="Failed" testListId="8c84fa94-04c1-424b-9868-57a2d4851a1d" relativeResultsDirectory="20179f1b-9278-4c70-ab83-c24a6543ce3d">
      <Output>
        <ErrorInfo>
          <Message>Assert.AreEqual 失败。应为: &lt;False&gt;，实际为: &lt;True&gt;。</Message>
          <StackTrace>   在 ProjectManagermentSystemTest.LoginTest.IsUserRegisteredTest() 位置 G:\ProjectManagermentSystem\ProjectManagermentSystemTest\LoginTest.cs:行号 76
</StackTrace>
        </ErrorInfo>
      </Output>
    </UnitTestResult>
    <UnitTestResult executionId="34e548e1-db48-495e-b03c-d04a5bf39d6f" testId="28c87d5d-f290-c4ca-b025-e1d00b57b080" testName="FindExactUserTest" computerName="HUMAN-PC" duration="00:00:00.0045558" startTime="2012-06-11T18:24:55.1625749+08:00" endTime="2012-06-11T18:24:55.1815760+08:00" testType="13cdc9d9-ddb5-4fa4-a97d-d965ccfc6d4b" outcome="Passed" testListId="8c84fa94-04c1-424b-9868-57a2d4851a1d" relativeResultsDirectory="34e548e1-db48-495e-b03c-d04a5bf39d6f">
    </UnitTestResult>
    <UnitTestResult executionId="3b89409c-b439-4332-a424-04a9e4e09ef2" testId="65496a2b-e474-43ce-14eb-95f4ee4bc514" testName="GetMessageTest" computerName="HUMAN-PC" duration="00:00:44.0677304" startTime="2012-06-11T18:24:55.1915766+08:00" endTime="2012-06-11T18:25:39.2720979+08:00" testType="13cdc9d9-ddb5-4fa4-a97d-d965ccfc6d4b" outcome="Failed" testListId="8c84fa94-04c1-424b-9868-57a2d4851a1d" relativeResultsDirectory="3b89409c-b439-4332-a424-04a9e4e09ef2">
      <Output>
        <ErrorInfo>
          <Message>测试方法 ProjectManagermentSystemTest.ProjectTest.GetMessageTest 引发了异常: 
System.InvalidOperationException: 序列不包含任何元素</Message>
          <StackTrace>    在 NHibernate.Linq.NhQueryProvider.ExecuteQuery(NhLinqExpression nhLinqExpression, IQuery query, NhLinqExpression nhQuery) 位置 d:\CSharp\NH\NH\nhibernate\src\NHibernate\Linq\NhQueryProvider.cs:行号 89
   在 NHibernate.Linq.NhQueryProvider.Execute(Expression expression) 位置 d:\CSharp\NH\NH\nhibernate\src\NHibernate\Linq\NhQueryProvider.cs:行号 28
   在 NHibernate.Linq.NhQueryProvider.Execute[TResult](Expression expression) 位置 d:\CSharp\NH\NH\nhibernate\src\NHibernate\Linq\NhQueryProvider.cs:行号 103
   在 System.Linq.Queryable.Single[TSource](IQueryable`1 source)
   在 BusinessLogicLib.UserProject.GetMessage(String username) 位置 G:\ProjectManagermentSystem\BusinessLogicLib\Project\UserProject.cs:行号 266
   在 ProjectManagermentSystemTest.ProjectTest.GetMessageTest() 位置 G:\ProjectManagermentSystem\ProjectManagermentSystemTest\ProjectTest.cs:行号 143
</StackTrace>
        </ErrorInfo>
      </Output>
    </UnitTestResult>
    <UnitTestResult executionId="c2b961be-dad5-47c0-9f09-4af46633a5bb" testId="69fa5293-5b96-8d4b-6238-8f599bb5fa30" testName="IsProjectSetupByUser" computerName="HUMAN-PC" duration="00:00:00.1005982" startTime="2012-06-11T18:25:39.2880988+08:00" endTime="2012-06-11T18:25:39.4221064+08:00" testType="13cdc9d9-ddb5-4fa4-a97d-d965ccfc6d4b" outcome="Failed" testListId="8c84fa94-04c1-424b-9868-57a2d4851a1d" relativeResultsDirectory="c2b961be-dad5-47c0-9f09-4af46633a5bb">
      <Output>
        <ErrorInfo>
          <Message>测试方法 ProjectManagermentSystemTest.ProjectTest.IsProjectSetupByUser 引发了异常: 
System.ArgumentNullException: 值不能为 null。
参数名: source</Message>
          <StackTrace>    在 System.Linq.Enumerable.Select[TSource,TResult](IEnumerable`1 source, Func`2 selector)
   在 BusinessLogicLib.UserProject.GetProjectRolesByProjectId(Int32 pr_id) 位置 G:\ProjectManagermentSystem\BusinessLogicLib\Project\UserProject.cs:行号 76
   在 BusinessLogicLib.UserProject.IsProjectSetupByUser(Int32 id, String username) 位置 G:\ProjectManagermentSystem\BusinessLogicLib\Project\UserProject.cs:行号 106
   在 ProjectManagermentSystemTest.ProjectTest.IsProjectSetupByUser() 位置 G:\ProjectManagermentSystem\ProjectManagermentSystemTest\ProjectTest.cs:行号 119
</StackTrace>
        </ErrorInfo>
      </Output>
    </UnitTestResult>
    <UnitTestResult executionId="f4a7eadf-696c-4ac7-a4c4-ce7c839f6517" testId="6d43179b-27d2-680a-c14c-3160f7ee5b92" testName="DbConnectionTest" computerName="HUMAN-PC" duration="00:00:00.3293758" startTime="2012-06-11T18:25:39.4391074+08:00" endTime="2012-06-11T18:25:39.7821270+08:00" testType="13cdc9d9-ddb5-4fa4-a97d-d965ccfc6d4b" outcome="Failed" testListId="8c84fa94-04c1-424b-9868-57a2d4851a1d" relativeResultsDirectory="f4a7eadf-696c-4ac7-a4c4-ce7c839f6517">
      <Output>
        <ErrorInfo>
          <Message>Assert.AreEqual 失败。应为: &lt;4&gt;，实际为: &lt;2&gt;。</Message>
          <StackTrace>   在 ProjectManagermentSystemTest.ProjectTest.DbConnectionTest() 位置 G:\ProjectManagermentSystem\ProjectManagermentSystemTest\ProjectTest.cs:行号 85
</StackTrace>
        </ErrorInfo>
      </Output>
    </UnitTestResult>
    <UnitTestResult executionId="ac305b95-726d-4845-9e40-4c8afb554bd6" testId="84e84e69-cf95-b596-f07a-b4fb77cb5f90" testName="IsUserValidatedTest" computerName="HUMAN-PC" duration="00:00:00.0026500" startTime="2012-06-11T18:25:39.7931277+08:00" endTime="2012-06-11T18:25:39.8091286+08:00" testType="13cdc9d9-ddb5-4fa4-a97d-d965ccfc6d4b" outcome="Passed" testListId="8c84fa94-04c1-424b-9868-57a2d4851a1d" relativeResultsDirectory="ac305b95-726d-4845-9e40-4c8afb554bd6">
    </UnitTestResult>
    <UnitTestResult executionId="b9f3a9a8-1805-476d-9c17-7b2b427256fa" testId="c1208b1a-0d55-4a78-3fa0-174c80597241" testName="UserRegisterTest" computerName="HUMAN-PC" duration="00:00:00.0021536" startTime="2012-06-11T18:25:39.8481308+08:00" endTime="2012-06-11T18:25:39.8741323+08:00" testType="13cdc9d9-ddb5-4fa4-a97d-d965ccfc6d4b" outcome="Passed" testListId="8c84fa94-04c1-424b-9868-57a2d4851a1d" relativeResultsDirectory="b9f3a9a8-1805-476d-9c17-7b2b427256fa">
    </UnitTestResult>
    <UnitTestResult executionId="bdaf8423-bbab-4656-a142-33fcecc43873" testId="c449792e-1815-3c4b-0609-8969c7985188" testName="DbConnectionTest1" computerName="HUMAN-PC" duration="00:00:00.2812243" startTime="2012-06-11T18:25:39.8841329+08:00" endTime="2012-06-11T18:25:40.1931505+08:00" testType="13cdc9d9-ddb5-4fa4-a97d-d965ccfc6d4b" outcome="Failed" testListId="8c84fa94-04c1-424b-9868-57a2d4851a1d" relativeResultsDirectory="bdaf8423-bbab-4656-a142-33fcecc43873">
      <Output>
        <ErrorInfo>
          <Message>Assert.AreEqual 失败。应为: &lt;Hill&gt;，实际为: &lt;Human&gt;。</Message>
          <StackTrace>   在 ProjectManagermentSystemTest.ProjectTest.DbConnectionTest1() 位置 G:\ProjectManagermentSystem\ProjectManagermentSystemTest\ProjectTest.cs:行号 102
</StackTrace>
        </ErrorInfo>
      </Output>
    </UnitTestResult>
    <UnitTestResult executionId="d59683bd-5ad6-4789-bd6c-8f764948aff8" testId="dfaafef9-90e4-74fb-0cea-96ccbf8e361e" testName="FindSimilarUsersTest" computerName="HUMAN-PC" duration="00:00:00.0396966" startTime="2012-06-11T18:25:40.2091514+08:00" endTime="2012-06-11T18:25:40.2621545+08:00" testType="13cdc9d9-ddb5-4fa4-a97d-d965ccfc6d4b" outcome="Failed" testListId="8c84fa94-04c1-424b-9868-57a2d4851a1d" relativeResultsDirectory="d59683bd-5ad6-4789-bd6c-8f764948aff8">
      <Output>
        <ErrorInfo>
          <Message>Assert.AreEqual 失败。应为: &lt;2&gt;，实际为: &lt;1&gt;。</Message>
          <StackTrace>   在 ProjectManagermentSystemTest.UserOperationTest.FindSimilarUsersTest() 位置 G:\ProjectManagermentSystem\ProjectManagermentSystemTest\UserOperationTest.cs:行号 79
</StackTrace>
        </ErrorInfo>
      </Output>
    </UnitTestResult>
    <UnitTestResult executionId="e54b66c6-f1c7-41a4-aa7c-339a5fce0ace" testId="ea350b06-1035-dbf5-0eee-cd514d5249f0" testName="MySetupProjectTest" computerName="HUMAN-PC" duration="00:00:00.0820251" startTime="2012-06-11T18:25:40.2731551+08:00" endTime="2012-06-11T18:25:40.3691606+08:00" testType="13cdc9d9-ddb5-4fa4-a97d-d965ccfc6d4b" outcome="Failed" testListId="8c84fa94-04c1-424b-9868-57a2d4851a1d" relativeResultsDirectory="e54b66c6-f1c7-41a4-aa7c-339a5fce0ace">
      <Output>
        <ErrorInfo>
          <Message>Assert.AreEqual 失败。应为: &lt;10&gt;，实际为: &lt;11&gt;。</Message>
          <StackTrace>   在 ProjectManagermentSystemTest.ProjectTest.MySetupProjectTest() 位置 G:\ProjectManagermentSystem\ProjectManagermentSystemTest\ProjectTest.cs:行号 114
</StackTrace>
        </ErrorInfo>
      </Output>
    </UnitTestResult>
    <UnitTestResult executionId="13672721-c240-4483-ba44-e988db3dea5e" testId="eaea2ed1-9bcd-b38c-6ff0-c74f3cef5571" testName="AddNewProjectTest" computerName="HUMAN-PC" duration="00:00:00.0599609" startTime="2012-06-11T18:25:40.3841615+08:00" endTime="2012-06-11T18:25:40.4571656+08:00" testType="13cdc9d9-ddb5-4fa4-a97d-d965ccfc6d4b" outcome="Passed" testListId="8c84fa94-04c1-424b-9868-57a2d4851a1d" relativeResultsDirectory="13672721-c240-4483-ba44-e988db3dea5e">
    </UnitTestResult>
    <UnitTestResult executionId="e83ff469-35ee-4041-9f22-8f4cf79754a4" testId="ee3564a8-bedf-fee3-5c4c-07f2a336b2d3" testName="AddUserTest" computerName="HUMAN-PC" duration="00:00:00.0033330" startTime="2012-06-11T18:25:40.4681663+08:00" endTime="2012-06-11T18:25:40.4841672+08:00" testType="13cdc9d9-ddb5-4fa4-a97d-d965ccfc6d4b" outcome="Passed" testListId="8c84fa94-04c1-424b-9868-57a2d4851a1d" relativeResultsDirectory="e83ff469-35ee-4041-9f22-8f4cf79754a4">
    </UnitTestResult>
  </Results>
</TestRun>