<?xml version="1.0" encoding="UTF-8"?>
<TestRun id="6ae3d27b-703d-4e00-beaa-f731fd93f938" name="Human@HUMAN-PC 2012-05-27 19:35:49" runUser="Human-PC\Human" xmlns="http://microsoft.com/schemas/VisualStudio/TeamTest/2010">
  <TestSettings name="本地" id="1b57fa97-6b34-4fe5-9917-aff5d01f5e95">
    <Description>这些设置为本地测试运行的默认测试设置。</Description>
    <Deployment enabled="false" runDeploymentRoot="Human_HUMAN-PC 2012-05-27 19_35_49">
      <DeploymentItem filename="G:\NHibernate-3.1.0\Required_Bins\Iesi.Collections.dll" />
      <DeploymentItem filename="G:\ProjectManagermentSystem\BusinessLogicLib\bin\Debug\BusinessLogicLib.dll" />
      <DeploymentItem filename="G:\ProjectManagermentSystem\DataModels\bin\Debug\DataModels.dll" />
      <DeploymentItem filename="G:\NHibernate-3.1.0\Required_For_LazyLoading\Castle\Castle.Core.dll" />
      <DeploymentItem filename="G:\NHibernate-3.1.0\Required_For_LazyLoading\Castle\NHibernate.ByteCode.Castle.dll" />
      <DeploymentItem filename="G:\NHibernate-3.1.0\Required_For_LazyLoading\LinFu\LinFu.DynamicProxy.dll" />
      <DeploymentItem filename="G:\NHibernate-3.1.0\Tests\log4net.dll" />
      <DeploymentItem filename="G:\NHibernate-3.1.0\Required_Bins\NHibernate.dll" />
      <DeploymentItem filename="G:\NHibernate-3.1.0\Required_For_LazyLoading\LinFu\NHibernate.ByteCode.LinFu.dll" />
    </Deployment>
    <Execution>
      <TestTypeSpecific />
      <AgentRule name="Execution Agents">
      </AgentRule>
    </Execution>
  </TestSettings>
  <Times creation="2012-05-27T19:35:49.0262973+08:00" queuing="2012-05-27T19:35:49.7803404+08:00" start="2012-05-27T19:35:49.9013473+08:00" finish="2012-05-27T19:35:54.8696315+08:00" />
  <ResultSummary outcome="Failed">
    <Counters total="13" executed="13" passed="9" error="0" failed="4" timeout="0" aborted="0" inconclusive="0" passedButRunAborted="0" notRunnable="0" notExecuted="0" disconnected="0" warning="0" completed="0" inProgress="0" pending="0" />
  </ResultSummary>
  <TestDefinitions>
    <UnitTest name="FindExactUserTest" storage="g:\projectmanagermentsystem\projectmanagermentsystemtest\bin\debug\projectmanagermentsystemtest.dll" id="28c87d5d-f290-c4ca-b025-e1d00b57b080">
      <Execution id="b7a5ba87-3247-44c9-803e-27e06d7b95f5" />
      <TestMethod codeBase="G:/ProjectManagermentSystem/ProjectManagermentSystemTest/bin/Debug/ProjectManagermentSystemTest.DLL" adapterTypeName="Microsoft.VisualStudio.TestTools.TestTypes.Unit.UnitTestAdapter, Microsoft.VisualStudio.QualityTools.Tips.UnitTest.Adapter, Version=10.0.0.0, Culture=neutral, PublicKeyToken=b03f5f7f11d50a3a" className="ProjectManagermentSystemTest.UserOperationTest, ProjectManagermentSystemTest, Version=1.0.0.0, Culture=neutral, PublicKeyToken=null" name="FindExactUserTest" />
    </UnitTest>
    <UnitTest name="IsProjectSetupByUser" storage="g:\projectmanagermentsystem\projectmanagermentsystemtest\bin\debug\projectmanagermentsystemtest.dll" id="69fa5293-5b96-8d4b-6238-8f599bb5fa30">
      <Execution id="d5e18c23-5d5c-49fb-ac39-d8306015c532" />
      <TestMethod codeBase="G:/ProjectManagermentSystem/ProjectManagermentSystemTest/bin/Debug/ProjectManagermentSystemTest.DLL" adapterTypeName="Microsoft.VisualStudio.TestTools.TestTypes.Unit.UnitTestAdapter, Microsoft.VisualStudio.QualityTools.Tips.UnitTest.Adapter, Version=10.0.0.0, Culture=neutral, PublicKeyToken=b03f5f7f11d50a3a" className="ProjectManagermentSystemTest.ProjectTest, ProjectManagermentSystemTest, Version=1.0.0.0, Culture=neutral, PublicKeyToken=null" name="IsProjectSetupByUser" />
    </UnitTest>
    <UnitTest name="DatabaseConnTest" storage="g:\projectmanagermentsystem\projectmanagermentsystemtest\bin\debug\projectmanagermentsystemtest.dll" id="0544ed8d-33f7-ffba-ffdb-8034923fc999">
      <Execution id="5c122ce2-e3d7-4e35-8d05-7fc9d63c1908" />
      <TestMethod codeBase="G:/ProjectManagermentSystem/ProjectManagermentSystemTest/bin/Debug/ProjectManagermentSystemTest.DLL" adapterTypeName="Microsoft.VisualStudio.TestTools.TestTypes.Unit.UnitTestAdapter, Microsoft.VisualStudio.QualityTools.Tips.UnitTest.Adapter, Version=10.0.0.0, Culture=neutral, PublicKeyToken=b03f5f7f11d50a3a" className="ProjectManagermentSystemTest.LoginTest, ProjectManagermentSystemTest, Version=1.0.0.0, Culture=neutral, PublicKeyToken=null" name="DatabaseConnTest" />
    </UnitTest>
    <UnitTest name="IsUserRegisteredTest" storage="g:\projectmanagermentsystem\projectmanagermentsystemtest\bin\debug\projectmanagermentsystemtest.dll" id="1c3a1a72-f5a6-0448-5adb-5a319e4dfb6c">
      <Execution id="5ec08b84-c9e4-439c-8efb-84dfdd34cd95" />
      <TestMethod codeBase="G:/ProjectManagermentSystem/ProjectManagermentSystemTest/bin/Debug/ProjectManagermentSystemTest.DLL" adapterTypeName="Microsoft.VisualStudio.TestTools.TestTypes.Unit.UnitTestAdapter, Microsoft.VisualStudio.QualityTools.Tips.UnitTest.Adapter, Version=10.0.0.0, Culture=neutral, PublicKeyToken=b03f5f7f11d50a3a" className="ProjectManagermentSystemTest.LoginTest, ProjectManagermentSystemTest, Version=1.0.0.0, Culture=neutral, PublicKeyToken=null" name="IsUserRegisteredTest" />
    </UnitTest>
    <UnitTest name="FindSimilarUsersTest" storage="g:\projectmanagermentsystem\projectmanagermentsystemtest\bin\debug\projectmanagermentsystemtest.dll" id="dfaafef9-90e4-74fb-0cea-96ccbf8e361e">
      <Execution id="3c2b1391-233c-4350-a876-311329568cc8" />
      <TestMethod codeBase="G:/ProjectManagermentSystem/ProjectManagermentSystemTest/bin/Debug/ProjectManagermentSystemTest.DLL" adapterTypeName="Microsoft.VisualStudio.TestTools.TestTypes.Unit.UnitTestAdapter, Microsoft.VisualStudio.QualityTools.Tips.UnitTest.Adapter, Version=10.0.0.0, Culture=neutral, PublicKeyToken=b03f5f7f11d50a3a" className="ProjectManagermentSystemTest.UserOperationTest, ProjectManagermentSystemTest, Version=1.0.0.0, Culture=neutral, PublicKeyToken=null" name="FindSimilarUsersTest" />
    </UnitTest>
    <UnitTest name="AddNewProjectTest" storage="g:\projectmanagermentsystem\projectmanagermentsystemtest\bin\debug\projectmanagermentsystemtest.dll" id="eaea2ed1-9bcd-b38c-6ff0-c74f3cef5571">
      <Execution id="80d9fa53-4c8d-40fd-a3b4-5d38d7749430" />
      <TestMethod codeBase="G:/ProjectManagermentSystem/ProjectManagermentSystemTest/bin/Debug/ProjectManagermentSystemTest.DLL" adapterTypeName="Microsoft.VisualStudio.TestTools.TestTypes.Unit.UnitTestAdapter, Microsoft.VisualStudio.QualityTools.Tips.UnitTest.Adapter, Version=10.0.0.0, Culture=neutral, PublicKeyToken=b03f5f7f11d50a3a" className="ProjectManagermentSystemTest.ProjectTest, ProjectManagermentSystemTest, Version=1.0.0.0, Culture=neutral, PublicKeyToken=null" name="AddNewProjectTest" />
    </UnitTest>
    <UnitTest name="IsUserValidatedTest" storage="g:\projectmanagermentsystem\projectmanagermentsystemtest\bin\debug\projectmanagermentsystemtest.dll" id="84e84e69-cf95-b596-f07a-b4fb77cb5f90">
      <Execution id="69bc999f-4eed-4ee0-9655-fb80f607691c" />
      <TestMethod codeBase="G:/ProjectManagermentSystem/ProjectManagermentSystemTest/bin/Debug/ProjectManagermentSystemTest.DLL" adapterTypeName="Microsoft.VisualStudio.TestTools.TestTypes.Unit.UnitTestAdapter, Microsoft.VisualStudio.QualityTools.Tips.UnitTest.Adapter, Version=10.0.0.0, Culture=neutral, PublicKeyToken=b03f5f7f11d50a3a" className="ProjectManagermentSystemTest.LoginTest, ProjectManagermentSystemTest, Version=1.0.0.0, Culture=neutral, PublicKeyToken=null" name="IsUserValidatedTest" />
    </UnitTest>
    <UnitTest name="UserRegisterTest" storage="g:\projectmanagermentsystem\projectmanagermentsystemtest\bin\debug\projectmanagermentsystemtest.dll" id="c1208b1a-0d55-4a78-3fa0-174c80597241">
      <Execution id="8eec35b9-bfde-4ff8-bd3b-74df5af67639" />
      <TestMethod codeBase="G:/ProjectManagermentSystem/ProjectManagermentSystemTest/bin/Debug/ProjectManagermentSystemTest.DLL" adapterTypeName="Microsoft.VisualStudio.TestTools.TestTypes.Unit.UnitTestAdapter, Microsoft.VisualStudio.QualityTools.Tips.UnitTest.Adapter, Version=10.0.0.0, Culture=neutral, PublicKeyToken=b03f5f7f11d50a3a" className="ProjectManagermentSystemTest.LoginTest, ProjectManagermentSystemTest, Version=1.0.0.0, Culture=neutral, PublicKeyToken=null" name="UserRegisterTest" />
    </UnitTest>
    <UnitTest name="DbConnectionTest" storage="g:\projectmanagermentsystem\projectmanagermentsystemtest\bin\debug\projectmanagermentsystemtest.dll" id="6d43179b-27d2-680a-c14c-3160f7ee5b92">
      <Execution id="c0a89758-8879-402f-85f2-aa40ce954bc8" />
      <TestMethod codeBase="G:/ProjectManagermentSystem/ProjectManagermentSystemTest/bin/Debug/ProjectManagermentSystemTest.DLL" adapterTypeName="Microsoft.VisualStudio.TestTools.TestTypes.Unit.UnitTestAdapter, Microsoft.VisualStudio.QualityTools.Tips.UnitTest.Adapter, Version=10.0.0.0, Culture=neutral, PublicKeyToken=b03f5f7f11d50a3a" className="ProjectManagermentSystemTest.ProjectTest, ProjectManagermentSystemTest, Version=1.0.0.0, Culture=neutral, PublicKeyToken=null" name="DbConnectionTest" />
    </UnitTest>
    <UnitTest name="DbConnectionTest1" storage="g:\projectmanagermentsystem\projectmanagermentsystemtest\bin\debug\projectmanagermentsystemtest.dll" id="c449792e-1815-3c4b-0609-8969c7985188">
      <Execution id="2772f37f-888c-4fa7-8e29-c620d0381784" />
      <TestMethod codeBase="G:/ProjectManagermentSystem/ProjectManagermentSystemTest/bin/Debug/ProjectManagermentSystemTest.DLL" adapterTypeName="Microsoft.VisualStudio.TestTools.TestTypes.Unit.UnitTestAdapter, Microsoft.VisualStudio.QualityTools.Tips.UnitTest.Adapter, Version=10.0.0.0, Culture=neutral, PublicKeyToken=b03f5f7f11d50a3a" className="ProjectManagermentSystemTest.ProjectTest, ProjectManagermentSystemTest, Version=1.0.0.0, Culture=neutral, PublicKeyToken=null" name="DbConnectionTest1" />
    </UnitTest>
    <UnitTest name="MySetupProjectTest" storage="g:\projectmanagermentsystem\projectmanagermentsystemtest\bin\debug\projectmanagermentsystemtest.dll" id="ea350b06-1035-dbf5-0eee-cd514d5249f0">
      <Execution id="cb62fae7-27e0-4f84-b48a-d27332f9566b" />
      <TestMethod codeBase="G:/ProjectManagermentSystem/ProjectManagermentSystemTest/bin/Debug/ProjectManagermentSystemTest.DLL" adapterTypeName="Microsoft.VisualStudio.TestTools.TestTypes.Unit.UnitTestAdapter, Microsoft.VisualStudio.QualityTools.Tips.UnitTest.Adapter, Version=10.0.0.0, Culture=neutral, PublicKeyToken=b03f5f7f11d50a3a" className="ProjectManagermentSystemTest.ProjectTest, ProjectManagermentSystemTest, Version=1.0.0.0, Culture=neutral, PublicKeyToken=null" name="MySetupProjectTest" />
    </UnitTest>
    <UnitTest name="AddUserTest" storage="g:\projectmanagermentsystem\projectmanagermentsystemtest\bin\debug\projectmanagermentsystemtest.dll" id="ee3564a8-bedf-fee3-5c4c-07f2a336b2d3">
      <Execution id="bdcf4ecf-9591-4797-a0d4-b2ba8c5d4710" />
      <TestMethod codeBase="G:/ProjectManagermentSystem/ProjectManagermentSystemTest/bin/Debug/ProjectManagermentSystemTest.DLL" adapterTypeName="Microsoft.VisualStudio.TestTools.TestTypes.Unit.UnitTestAdapter, Microsoft.VisualStudio.QualityTools.Tips.UnitTest.Adapter, Version=10.0.0.0, Culture=neutral, PublicKeyToken=b03f5f7f11d50a3a" className="ProjectManagermentSystemTest.LoginTest, ProjectManagermentSystemTest, Version=1.0.0.0, Culture=neutral, PublicKeyToken=null" name="AddUserTest" />
    </UnitTest>
    <UnitTest name="GetUserSetupProjectByIdTest" storage="g:\projectmanagermentsystem\projectmanagermentsystemtest\bin\debug\projectmanagermentsystemtest.dll" id="f7473b82-04ac-c209-6af2-0c28b329e702">
      <Execution id="c74ceac3-8472-44f4-b86b-378da797addb" />
      <TestMethod codeBase="G:/ProjectManagermentSystem/ProjectManagermentSystemTest/bin/Debug/ProjectManagermentSystemTest.DLL" adapterTypeName="Microsoft.VisualStudio.TestTools.TestTypes.Unit.UnitTestAdapter, Microsoft.VisualStudio.QualityTools.Tips.UnitTest.Adapter, Version=10.0.0.0, Culture=neutral, PublicKeyToken=b03f5f7f11d50a3a" className="ProjectManagermentSystemTest.ProjectTest, ProjectManagermentSystemTest, Version=1.0.0.0, Culture=neutral, PublicKeyToken=null" name="GetUserSetupProjectByIdTest" />
    </UnitTest>
  </TestDefinitions>
  <TestLists>
    <TestList name="列表中未列出的结果" id="8c84fa94-04c1-424b-9868-57a2d4851a1d" />
    <TestList name="所有已加载的结果" id="19431567-8539-422a-85d7-44ee4e166bda" />
  </TestLists>
  <TestEntries>
    <TestEntry testId="28c87d5d-f290-c4ca-b025-e1d00b57b080" executionId="b7a5ba87-3247-44c9-803e-27e06d7b95f5" testListId="8c84fa94-04c1-424b-9868-57a2d4851a1d" />
    <TestEntry testId="dfaafef9-90e4-74fb-0cea-96ccbf8e361e" executionId="3c2b1391-233c-4350-a876-311329568cc8" testListId="8c84fa94-04c1-424b-9868-57a2d4851a1d" />
    <TestEntry testId="6d43179b-27d2-680a-c14c-3160f7ee5b92" executionId="c0a89758-8879-402f-85f2-aa40ce954bc8" testListId="8c84fa94-04c1-424b-9868-57a2d4851a1d" />
    <TestEntry testId="c449792e-1815-3c4b-0609-8969c7985188" executionId="2772f37f-888c-4fa7-8e29-c620d0381784" testListId="8c84fa94-04c1-424b-9868-57a2d4851a1d" />
    <TestEntry testId="f7473b82-04ac-c209-6af2-0c28b329e702" executionId="c74ceac3-8472-44f4-b86b-378da797addb" testListId="8c84fa94-04c1-424b-9868-57a2d4851a1d" />
    <TestEntry testId="ea350b06-1035-dbf5-0eee-cd514d5249f0" executionId="cb62fae7-27e0-4f84-b48a-d27332f9566b" testListId="8c84fa94-04c1-424b-9868-57a2d4851a1d" />
    <TestEntry testId="69fa5293-5b96-8d4b-6238-8f599bb5fa30" executionId="d5e18c23-5d5c-49fb-ac39-d8306015c532" testListId="8c84fa94-04c1-424b-9868-57a2d4851a1d" />
    <TestEntry testId="eaea2ed1-9bcd-b38c-6ff0-c74f3cef5571" executionId="80d9fa53-4c8d-40fd-a3b4-5d38d7749430" testListId="8c84fa94-04c1-424b-9868-57a2d4851a1d" />
    <TestEntry testId="1c3a1a72-f5a6-0448-5adb-5a319e4dfb6c" executionId="5ec08b84-c9e4-439c-8efb-84dfdd34cd95" testListId="8c84fa94-04c1-424b-9868-57a2d4851a1d" />
    <TestEntry testId="0544ed8d-33f7-ffba-ffdb-8034923fc999" executionId="5c122ce2-e3d7-4e35-8d05-7fc9d63c1908" testListId="8c84fa94-04c1-424b-9868-57a2d4851a1d" />
    <TestEntry testId="84e84e69-cf95-b596-f07a-b4fb77cb5f90" executionId="69bc999f-4eed-4ee0-9655-fb80f607691c" testListId="8c84fa94-04c1-424b-9868-57a2d4851a1d" />
    <TestEntry testId="c1208b1a-0d55-4a78-3fa0-174c80597241" executionId="8eec35b9-bfde-4ff8-bd3b-74df5af67639" testListId="8c84fa94-04c1-424b-9868-57a2d4851a1d" />
    <TestEntry testId="ee3564a8-bedf-fee3-5c4c-07f2a336b2d3" executionId="bdcf4ecf-9591-4797-a0d4-b2ba8c5d4710" testListId="8c84fa94-04c1-424b-9868-57a2d4851a1d" />
  </TestEntries>
  <Results>
    <UnitTestResult executionId="b7a5ba87-3247-44c9-803e-27e06d7b95f5" testId="28c87d5d-f290-c4ca-b025-e1d00b57b080" testName="FindExactUserTest" computerName="HUMAN-PC" duration="00:00:03.0437516" startTime="2012-05-27T19:35:49.9343492+08:00" endTime="2012-05-27T19:35:53.4665512+08:00" testType="13cdc9d9-ddb5-4fa4-a97d-d965ccfc6d4b" outcome="Passed" testListId="8c84fa94-04c1-424b-9868-57a2d4851a1d" relativeResultsDirectory="b7a5ba87-3247-44c9-803e-27e06d7b95f5">
    </UnitTestResult>
    <UnitTestResult executionId="3c2b1391-233c-4350-a876-311329568cc8" testId="dfaafef9-90e4-74fb-0cea-96ccbf8e361e" testName="FindSimilarUsersTest" computerName="HUMAN-PC" duration="00:00:00.0513663" startTime="2012-05-27T19:35:53.4795520+08:00" endTime="2012-05-27T19:35:53.5405555+08:00" testType="13cdc9d9-ddb5-4fa4-a97d-d965ccfc6d4b" outcome="Failed" testListId="8c84fa94-04c1-424b-9868-57a2d4851a1d" relativeResultsDirectory="3c2b1391-233c-4350-a876-311329568cc8">
      <Output>
        <ErrorInfo>
          <Message>Assert.AreEqual 失败。应为: &lt;1&gt;，实际为: &lt;5&gt;。</Message>
          <StackTrace>   在 ProjectManagermentSystemTest.UserOperationTest.FindSimilarUsersTest() 位置 G:\ProjectManagermentSystem\ProjectManagermentSystemTest\UserOperationTest.cs:行号 79
</StackTrace>
        </ErrorInfo>
      </Output>
    </UnitTestResult>
    <UnitTestResult executionId="c0a89758-8879-402f-85f2-aa40ce954bc8" testId="6d43179b-27d2-680a-c14c-3160f7ee5b92" testName="DbConnectionTest" computerName="HUMAN-PC" duration="00:00:00.1271346" startTime="2012-05-27T19:35:53.5445557+08:00" endTime="2012-05-27T19:35:53.6775633+08:00" testType="13cdc9d9-ddb5-4fa4-a97d-d965ccfc6d4b" outcome="Passed" testListId="8c84fa94-04c1-424b-9868-57a2d4851a1d" relativeResultsDirectory="c0a89758-8879-402f-85f2-aa40ce954bc8">
    </UnitTestResult>
    <UnitTestResult executionId="2772f37f-888c-4fa7-8e29-c620d0381784" testId="c449792e-1815-3c4b-0609-8969c7985188" testName="DbConnectionTest1" computerName="HUMAN-PC" duration="00:00:00.0601124" startTime="2012-05-27T19:35:53.6845637+08:00" endTime="2012-05-27T19:35:53.7525676+08:00" testType="13cdc9d9-ddb5-4fa4-a97d-d965ccfc6d4b" outcome="Passed" testListId="8c84fa94-04c1-424b-9868-57a2d4851a1d" relativeResultsDirectory="2772f37f-888c-4fa7-8e29-c620d0381784">
    </UnitTestResult>
    <UnitTestResult executionId="c74ceac3-8472-44f4-b86b-378da797addb" testId="f7473b82-04ac-c209-6af2-0c28b329e702" testName="GetUserSetupProjectByIdTest" computerName="HUMAN-PC" duration="00:00:00.2452330" startTime="2012-05-27T19:35:53.7555678+08:00" endTime="2012-05-27T19:35:54.0105823+08:00" testType="13cdc9d9-ddb5-4fa4-a97d-d965ccfc6d4b" outcome="Failed" testListId="8c84fa94-04c1-424b-9868-57a2d4851a1d" relativeResultsDirectory="c74ceac3-8472-44f4-b86b-378da797addb">
      <Output>
        <ErrorInfo>
          <Message>测试方法 ProjectManagermentSystemTest.ProjectTest.GetUserSetupProjectByIdTest 引发了异常: 
System.InvalidOperationException: 序列不包含任何元素</Message>
          <StackTrace>    在 NHibernate.Linq.NhQueryProvider.ExecuteQuery(NhLinqExpression nhLinqExpression, IQuery query, NhLinqExpression nhQuery) 位置 d:\CSharp\NH\NH\nhibernate\src\NHibernate\Linq\NhQueryProvider.cs:行号 89
   在 NHibernate.Linq.NhQueryProvider.Execute[TResult](Expression expression) 位置 d:\CSharp\NH\NH\nhibernate\src\NHibernate\Linq\NhQueryProvider.cs:行号 103
   在 System.Linq.Queryable.First[TSource](IQueryable`1 source)
   在 BusinessLogicLib.UserProject.GetProjectById(ISession session, Int32 id) 位置 G:\ProjectManagermentSystem\BusinessLogicLib\Project\UserProject.cs:行号 67
   在 BusinessLogicLib.UserProject.GetUserSetupProjects(String username) 位置 G:\ProjectManagermentSystem\BusinessLogicLib\Project\UserProject.cs:行号 48
   在 BusinessLogicLib.UserProject.GetUserSetupProjectById(Int32 id, String username) 位置 G:\ProjectManagermentSystem\BusinessLogicLib\Project\UserProject.cs:行号 96
   在 ProjectManagermentSystemTest.ProjectTest.GetUserSetupProjectByIdTest() 位置 G:\ProjectManagermentSystem\ProjectManagermentSystemTest\ProjectTest.cs:行号 108
</StackTrace>
        </ErrorInfo>
      </Output>
    </UnitTestResult>
    <UnitTestResult executionId="cb62fae7-27e0-4f84-b48a-d27332f9566b" testId="ea350b06-1035-dbf5-0eee-cd514d5249f0" testName="MySetupProjectTest" computerName="HUMAN-PC" duration="00:00:00.0191140" startTime="2012-05-27T19:35:54.0195829+08:00" endTime="2012-05-27T19:35:54.0445843+08:00" testType="13cdc9d9-ddb5-4fa4-a97d-d965ccfc6d4b" outcome="Passed" testListId="8c84fa94-04c1-424b-9868-57a2d4851a1d" relativeResultsDirectory="cb62fae7-27e0-4f84-b48a-d27332f9566b">
    </UnitTestResult>
    <UnitTestResult executionId="d5e18c23-5d5c-49fb-ac39-d8306015c532" testId="69fa5293-5b96-8d4b-6238-8f599bb5fa30" testName="IsProjectSetupByUser" computerName="HUMAN-PC" duration="00:00:00.0590095" startTime="2012-05-27T19:35:54.0475845+08:00" endTime="2012-05-27T19:35:54.1145883+08:00" testType="13cdc9d9-ddb5-4fa4-a97d-d965ccfc6d4b" outcome="Failed" testListId="8c84fa94-04c1-424b-9868-57a2d4851a1d" relativeResultsDirectory="d5e18c23-5d5c-49fb-ac39-d8306015c532">
      <Output>
        <ErrorInfo>
          <Message>测试方法 ProjectManagermentSystemTest.ProjectTest.IsProjectSetupByUser 引发了异常: 
System.InvalidOperationException: 序列不包含任何元素</Message>
          <StackTrace>    在 NHibernate.Linq.NhQueryProvider.ExecuteQuery(NhLinqExpression nhLinqExpression, IQuery query, NhLinqExpression nhQuery) 位置 d:\CSharp\NH\NH\nhibernate\src\NHibernate\Linq\NhQueryProvider.cs:行号 89
   在 NHibernate.Linq.NhQueryProvider.Execute[TResult](Expression expression) 位置 d:\CSharp\NH\NH\nhibernate\src\NHibernate\Linq\NhQueryProvider.cs:行号 103
   在 System.Linq.Queryable.First[TSource](IQueryable`1 source)
   在 BusinessLogicLib.UserProject.GetProjectById(ISession session, Int32 id) 位置 G:\ProjectManagermentSystem\BusinessLogicLib\Project\UserProject.cs:行号 67
   在 BusinessLogicLib.UserProject.GetUserSetupProjects(String username) 位置 G:\ProjectManagermentSystem\BusinessLogicLib\Project\UserProject.cs:行号 48
   在 BusinessLogicLib.UserProject.GetUserSetupProjectById(Int32 id, String username) 位置 G:\ProjectManagermentSystem\BusinessLogicLib\Project\UserProject.cs:行号 96
   在 BusinessLogicLib.UserProject.IsProjectSetupByUser(Int32 id, String username) 位置 G:\ProjectManagermentSystem\BusinessLogicLib\Project\UserProject.cs:行号 147
   在 ProjectManagermentSystemTest.ProjectTest.IsProjectSetupByUser() 位置 G:\ProjectManagermentSystem\ProjectManagermentSystemTest\ProjectTest.cs:行号 124
</StackTrace>
        </ErrorInfo>
      </Output>
    </UnitTestResult>
    <UnitTestResult executionId="80d9fa53-4c8d-40fd-a3b4-5d38d7749430" testId="eaea2ed1-9bcd-b38c-6ff0-c74f3cef5571" testName="AddNewProjectTest" computerName="HUMAN-PC" duration="00:00:00.4120229" startTime="2012-05-27T19:35:54.1175885+08:00" endTime="2012-05-27T19:35:54.5416127+08:00" testType="13cdc9d9-ddb5-4fa4-a97d-d965ccfc6d4b" outcome="Passed" testListId="8c84fa94-04c1-424b-9868-57a2d4851a1d" relativeResultsDirectory="80d9fa53-4c8d-40fd-a3b4-5d38d7749430">
    </UnitTestResult>
    <UnitTestResult executionId="5ec08b84-c9e4-439c-8efb-84dfdd34cd95" testId="1c3a1a72-f5a6-0448-5adb-5a319e4dfb6c" testName="IsUserRegisteredTest" computerName="HUMAN-PC" duration="00:00:00.0301299" startTime="2012-05-27T19:35:54.5446129+08:00" endTime="2012-05-27T19:35:54.5806149+08:00" testType="13cdc9d9-ddb5-4fa4-a97d-d965ccfc6d4b" outcome="Passed" testListId="8c84fa94-04c1-424b-9868-57a2d4851a1d" relativeResultsDirectory="5ec08b84-c9e4-439c-8efb-84dfdd34cd95">
    </UnitTestResult>
    <UnitTestResult executionId="5c122ce2-e3d7-4e35-8d05-7fc9d63c1908" testId="0544ed8d-33f7-ffba-ffdb-8034923fc999" testName="DatabaseConnTest" computerName="HUMAN-PC" duration="00:00:00.0558579" startTime="2012-05-27T19:35:54.5836151+08:00" endTime="2012-05-27T19:35:54.6476188+08:00" testType="13cdc9d9-ddb5-4fa4-a97d-d965ccfc6d4b" outcome="Passed" testListId="8c84fa94-04c1-424b-9868-57a2d4851a1d" relativeResultsDirectory="5c122ce2-e3d7-4e35-8d05-7fc9d63c1908">
    </UnitTestResult>
    <UnitTestResult executionId="69bc999f-4eed-4ee0-9655-fb80f607691c" testId="84e84e69-cf95-b596-f07a-b4fb77cb5f90" testName="IsUserValidatedTest" computerName="HUMAN-PC" duration="00:00:00.0190374" startTime="2012-05-27T19:35:54.6506190+08:00" endTime="2012-05-27T19:35:54.6836208+08:00" testType="13cdc9d9-ddb5-4fa4-a97d-d965ccfc6d4b" outcome="Passed" testListId="8c84fa94-04c1-424b-9868-57a2d4851a1d" relativeResultsDirectory="69bc999f-4eed-4ee0-9655-fb80f607691c">
    </UnitTestResult>
    <UnitTestResult executionId="8eec35b9-bfde-4ff8-bd3b-74df5af67639" testId="c1208b1a-0d55-4a78-3fa0-174c80597241" testName="UserRegisterTest" computerName="HUMAN-PC" duration="00:00:00.0250253" startTime="2012-05-27T19:35:54.6856210+08:00" endTime="2012-05-27T19:35:54.7266233+08:00" testType="13cdc9d9-ddb5-4fa4-a97d-d965ccfc6d4b" outcome="Passed" testListId="8c84fa94-04c1-424b-9868-57a2d4851a1d" relativeResultsDirectory="8eec35b9-bfde-4ff8-bd3b-74df5af67639">
    </UnitTestResult>
    <UnitTestResult executionId="bdcf4ecf-9591-4797-a0d4-b2ba8c5d4710" testId="ee3564a8-bedf-fee3-5c4c-07f2a336b2d3" testName="AddUserTest" computerName="HUMAN-PC" duration="00:00:00.0361056" startTime="2012-05-27T19:35:54.7386240+08:00" endTime="2012-05-27T19:35:54.7836266+08:00" testType="13cdc9d9-ddb5-4fa4-a97d-d965ccfc6d4b" outcome="Failed" testListId="8c84fa94-04c1-424b-9868-57a2d4851a1d" relativeResultsDirectory="bdcf4ecf-9591-4797-a0d4-b2ba8c5d4710">
      <Output>
        <ErrorInfo>
          <Message>Assert.AreEqual 失败。应为: &lt;True&gt;，实际为: &lt;False&gt;。</Message>
          <StackTrace>   在 ProjectManagermentSystemTest.LoginTest.AddUserTest() 位置 G:\ProjectManagermentSystem\ProjectManagermentSystemTest\LoginTest.cs:行号 126
</StackTrace>
        </ErrorInfo>
      </Output>
    </UnitTestResult>
  </Results>
</TestRun>